2026-03-28T09:29:48.957+05:30  INFO [startup-service,,] 32488 --- [startup-service] [main] [                                                 ] c.p.s.StartupServiceApplication          : Starting StartupServiceApplication using Java 21.0.10 with PID 32488 (C:\Users\hp\Desktop\FounderLink - Copy\startup-service\target\classes started by hp in C:\Users\hp\Desktop\FounderLink - Copy\startup-service)
2026-03-28T09:29:48.997+05:30  INFO [startup-service,,] 32488 --- [startup-service] [main] [                                                 ] c.p.s.StartupServiceApplication          : No active profile set, falling back to 1 default profile: "default"
2026-03-28T09:29:49.188+05:30  INFO [startup-service,,] 32488 --- [startup-service] [main] [                                                 ] o.s.c.c.c.ConfigServerConfigDataLoader   : Fetching config from server at : http://localhost:8888
2026-03-28T09:29:49.189+05:30  INFO [startup-service,,] 32488 --- [startup-service] [main] [                                                 ] o.s.c.c.c.ConfigServerConfigDataLoader   : Located environment: name=startup-service, profiles=[default], label=null, version=null, state=null
2026-03-28T09:29:53.029+05:30  INFO [startup-service,,] 32488 --- [startup-service] [main] [                                                 ] .s.d.r.c.RepositoryConfigurationDelegate : Bootstrapping Spring Data JPA repositories in DEFAULT mode.
2026-03-28T09:29:53.569+05:30  INFO [startup-service,,] 32488 --- [startup-service] [main] [                                                 ] .s.d.r.c.RepositoryConfigurationDelegate : Finished Spring Data repository scanning in 516 ms. Found 1 JPA repository interface.
2026-03-28T09:29:54.490+05:30  INFO [startup-service,,] 32488 --- [startup-service] [main] [                                                 ] o.s.cloud.context.scope.GenericScope     : BeanFactory id=e64575e2-e157-3cac-bd11-d6797bc501b7
2026-03-28T09:29:56.005+05:30  INFO [startup-service,,] 32488 --- [startup-service] [main] [                                                 ] o.s.b.w.embedded.tomcat.TomcatWebServer  : Tomcat initialized with port 8083 (http)
2026-03-28T09:29:56.044+05:30  INFO [startup-service,,] 32488 --- [startup-service] [main] [                                                 ] o.apache.catalina.core.StandardService   : Starting service [Tomcat]
2026-03-28T09:29:56.045+05:30  INFO [startup-service,,] 32488 --- [startup-service] [main] [                                                 ] o.apache.catalina.core.StandardEngine    : Starting Servlet engine: [Apache Tomcat/10.1.52]
2026-03-28T09:29:56.206+05:30  INFO [startup-service,,] 32488 --- [startup-service] [main] [                                                 ] o.a.c.c.C.[Tomcat].[localhost].[/]       : Initializing Spring embedded WebApplicationContext
2026-03-28T09:29:56.208+05:30  INFO [startup-service,,] 32488 --- [startup-service] [main] [                                                 ] w.s.c.ServletWebServerApplicationContext : Root WebApplicationContext: initialization completed in 7015 ms
2026-03-28T09:29:58.312+05:30  INFO [startup-service,,] 32488 --- [startup-service] [main] [                                                 ] o.hibernate.jpa.internal.util.LogHelper  : HHH000204: Processing PersistenceUnitInfo [name: default]
2026-03-28T09:29:58.555+05:30  INFO [startup-service,,] 32488 --- [startup-service] [main] [                                                 ] org.hibernate.Version                    : HHH000412: Hibernate ORM core version 6.6.44.Final
2026-03-28T09:29:58.695+05:30  INFO [startup-service,,] 32488 --- [startup-service] [main] [                                                 ] o.h.c.internal.RegionFactoryInitiator    : HHH000026: Second-level cache disabled
2026-03-28T09:29:59.497+05:30  INFO [startup-service,,] 32488 --- [startup-service] [main] [                                                 ] o.s.o.j.p.SpringPersistenceUnitInfo      : No LoadTimeWeaver setup: ignoring JPA class transformer
2026-03-28T09:29:59.564+05:30  INFO [startup-service,,] 32488 --- [startup-service] [main] [                                                 ] com.zaxxer.hikari.HikariDataSource       : HikariPool-1 - Starting...
2026-03-28T09:30:00.107+05:30  INFO [startup-service,,] 32488 --- [startup-service] [main] [                                                 ] com.zaxxer.hikari.pool.HikariPool        : HikariPool-1 - Added connection org.postgresql.jdbc.PgConnection@52b7c1d9
2026-03-28T09:30:00.111+05:30  INFO [startup-service,,] 32488 --- [startup-service] [main] [                                                 ] com.zaxxer.hikari.HikariDataSource       : HikariPool-1 - Start completed.
2026-03-28T09:30:00.411+05:30  INFO [startup-service,,] 32488 --- [startup-service] [main] [                                                 ] org.hibernate.orm.connections.pooling    : HHH10001005: Database info:
	Database JDBC URL [Connecting through datasource 'HikariDataSource (HikariPool-1)']
	Database driver: undefined/unknown
	Database version: 18.1
	Autocommit mode: undefined/unknown
	Isolation level: undefined/unknown
	Minimum pool size: undefined/unknown
	Maximum pool size: undefined/unknown
2026-03-28T09:30:02.673+05:30  INFO [startup-service,,] 32488 --- [startup-service] [main] [                                                 ] o.h.e.t.j.p.i.JtaPlatformInitiator       : HHH000489: No JTA platform available (set 'hibernate.transaction.jta.platform' to enable JTA platform integration)
2026-03-28T09:30:02.928+05:30  INFO [startup-service,,] 32488 --- [startup-service] [main] [                                                 ] j.LocalContainerEntityManagerFactoryBean : Initialized JPA EntityManagerFactory for persistence unit 'default'
2026-03-28T09:30:05.127+05:30  WARN [startup-service,,] 32488 --- [startup-service] [main] [                                                 ] JpaBaseConfiguration$JpaWebConfiguration : spring.jpa.open-in-view is enabled by default. Therefore, database queries may be performed during view rendering. Explicitly configure spring.jpa.open-in-view to disable this warning
2026-03-28T09:30:05.526+05:30  INFO [startup-service,,] 32488 --- [startup-service] [main] [                                                 ] o.s.c.openfeign.FeignClientFactoryBean   : For 'user-service' URL not provided. Will try picking an instance via load-balancing.
2026-03-28T09:30:06.746+05:30  WARN [startup-service,,] 32488 --- [startup-service] [main] [                                                 ] .s.s.UserDetailsServiceAutoConfiguration : 

Using generated security password: 0dc7795a-22bf-41fe-8dc6-3714f50c3a25

This generated password is for development use only. Your security configuration must be updated before running your application in production.

2026-03-28T09:30:06.785+05:30  INFO [startup-service,,] 32488 --- [startup-service] [main] [                                                 ] r$InitializeUserDetailsManagerConfigurer : Global AuthenticationManager configured with UserDetailsService bean with name inMemoryUserDetailsManager
2026-03-28T09:30:08.836+05:30  INFO [startup-service,,] 32488 --- [startup-service] [main] [                                                 ] o.s.b.a.e.web.EndpointLinksResolver      : Exposing 3 endpoints beneath base path '/actuator'
2026-03-28T09:30:10.820+05:30  INFO [startup-service,,] 32488 --- [startup-service] [main] [                                                 ] DiscoveryClientOptionalArgsConfiguration : Eureka HTTP Client uses RestTemplate.
2026-03-28T09:30:10.960+05:30  WARN [startup-service,,] 32488 --- [startup-service] [main] [                                                 ] iguration$LoadBalancerCaffeineWarnLogger : Spring Cloud LoadBalancer is currently working with the default cache. While this cache implementation is useful for development and tests, it's recommended to use Caffeine cache in production.You can switch to using Caffeine cache, by adding it and org.springframework.cache.caffeine.CaffeineCacheManager to the classpath.
2026-03-28T09:30:11.186+05:30  INFO [startup-service,,] 32488 --- [startup-service] [main] [                                                 ] o.s.c.n.eureka.InstanceInfoFactory       : Setting initial instance status as: STARTING
2026-03-28T09:30:11.291+05:30  INFO [startup-service,,] 32488 --- [startup-service] [main] [                                                 ] com.netflix.discovery.DiscoveryClient    : Initializing Eureka in region us-east-1
2026-03-28T09:30:11.304+05:30  INFO [startup-service,,] 32488 --- [startup-service] [main] [                                                 ] c.n.d.s.r.aws.ConfigClusterResolver      : Resolving eureka endpoints via configuration
2026-03-28T09:30:11.341+05:30  INFO [startup-service,,] 32488 --- [startup-service] [main] [                                                 ] com.netflix.discovery.DiscoveryClient    : Disable delta property : false
2026-03-28T09:30:11.342+05:30  INFO [startup-service,,] 32488 --- [startup-service] [main] [                                                 ] com.netflix.discovery.DiscoveryClient    : Single vip registry refresh property : null
2026-03-28T09:30:11.342+05:30  INFO [startup-service,,] 32488 --- [startup-service] [main] [                                                 ] com.netflix.discovery.DiscoveryClient    : Force full registry fetch : false
2026-03-28T09:30:11.345+05:30  INFO [startup-service,,] 32488 --- [startup-service] [main] [                                                 ] com.netflix.discovery.DiscoveryClient    : Application is null : false
2026-03-28T09:30:11.348+05:30  INFO [startup-service,,] 32488 --- [startup-service] [main] [                                                 ] com.netflix.discovery.DiscoveryClient    : Registered Applications size is zero : true
2026-03-28T09:30:11.350+05:30  INFO [startup-service,,] 32488 --- [startup-service] [main] [                                                 ] com.netflix.discovery.DiscoveryClient    : Application version is -1: true
2026-03-28T09:30:11.350+05:30  INFO [startup-service,,] 32488 --- [startup-service] [main] [                                                 ] com.netflix.discovery.DiscoveryClient    : Getting all instance registry info from the eureka server
2026-03-28T09:30:12.455+05:30  INFO [startup-service,,] 32488 --- [startup-service] [main] [                                                 ] com.netflix.discovery.DiscoveryClient    : The response status is 200
2026-03-28T09:30:12.464+05:30  INFO [startup-service,,] 32488 --- [startup-service] [main] [                                                 ] com.netflix.discovery.DiscoveryClient    : Starting heartbeat executor: renew interval is: 30
2026-03-28T09:30:12.471+05:30  INFO [startup-service,,] 32488 --- [startup-service] [main] [                                                 ] c.n.discovery.InstanceInfoReplicator     : InstanceInfoReplicator onDemand update allowed rate per min is 4
2026-03-28T09:30:12.474+05:30  INFO [startup-service,,] 32488 --- [startup-service] [main] [                                                 ] com.netflix.discovery.DiscoveryClient    : Discovery Client initialized at timestamp 1774670412473 with initial instances count: 4
2026-03-28T09:30:12.486+05:30  INFO [startup-service,,] 32488 --- [startup-service] [main] [                                                 ] o.s.c.n.e.s.EurekaServiceRegistry        : Registering application STARTUP-SERVICE with eureka with status UP
2026-03-28T09:30:12.488+05:30  INFO [startup-service,,] 32488 --- [startup-service] [main] [                                                 ] com.netflix.discovery.DiscoveryClient    : Saw local status change event StatusChangeEvent [timestamp=1774670412488, current=UP, previous=STARTING]
2026-03-28T09:30:12.493+05:30  INFO [startup-service,,] 32488 --- [startup-service] [DiscoveryClient-InstanceInfoReplicator-%d] [                                                 ] com.netflix.discovery.DiscoveryClient    : DiscoveryClient_STARTUP-SERVICE/DESKTOP-RMKQB1H.mshome.net:startup-service:8083: registering service...
2026-03-28T09:30:12.533+05:30  INFO [startup-service,,] 32488 --- [startup-service] [main] [                                                 ] o.s.b.w.embedded.tomcat.TomcatWebServer  : Tomcat started on port 8083 (http) with context path '/'
2026-03-28T09:30:12.535+05:30  INFO [startup-service,,] 32488 --- [startup-service] [main] [                                                 ] .s.c.n.e.s.EurekaAutoServiceRegistration : Updating port to 8083
2026-03-28T09:30:12.591+05:30  INFO [startup-service,,] 32488 --- [startup-service] [main] [                                                 ] c.p.s.StartupServiceApplication          : Started StartupServiceApplication in 27.626 seconds (process running for 30.905)
2026-03-28T09:30:12.621+05:30  INFO [startup-service,,] 32488 --- [startup-service] [DiscoveryClient-InstanceInfoReplicator-%d] [                                                 ] com.netflix.discovery.DiscoveryClient    : DiscoveryClient_STARTUP-SERVICE/DESKTOP-RMKQB1H.mshome.net:startup-service:8083 - registration status: 204
2026-03-28T09:35:11.404+05:30  INFO [startup-service,,] 32488 --- [startup-service] [AsyncResolver-bootstrap-executor-%d] [                                                 ] c.n.d.s.r.aws.ConfigClusterResolver      : Resolving eureka endpoints via configuration
2026-03-28T09:40:11.544+05:30  INFO [startup-service,,] 32488 --- [startup-service] [AsyncResolver-bootstrap-executor-%d] [                                                 ] c.n.d.s.r.aws.ConfigClusterResolver      : Resolving eureka endpoints via configuration
2026-03-28T09:45:11.692+05:30  INFO [startup-service,,] 32488 --- [startup-service] [AsyncResolver-bootstrap-executor-%d] [                                                 ] c.n.d.s.r.aws.ConfigClusterResolver      : Resolving eureka endpoints via configuration
2026-03-28T09:50:12.108+05:30  INFO [startup-service,,] 32488 --- [startup-service] [AsyncResolver-bootstrap-executor-%d] [                                                 ] c.n.d.s.r.aws.ConfigClusterResolver      : Resolving eureka endpoints via configuration
2026-03-28T09:55:12.363+05:30  INFO [startup-service,,] 32488 --- [startup-service] [AsyncResolver-bootstrap-executor-%d] [                                                 ] c.n.d.s.r.aws.ConfigClusterResolver      : Resolving eureka endpoints via configuration
2026-03-28T10:00:12.589+05:30  INFO [startup-service,,] 32488 --- [startup-service] [AsyncResolver-bootstrap-executor-%d] [                                                 ] c.n.d.s.r.aws.ConfigClusterResolver      : Resolving eureka endpoints via configuration
2026-03-28T10:05:12.655+05:30  INFO [startup-service,,] 32488 --- [startup-service] [AsyncResolver-bootstrap-executor-%d] [                                                 ] c.n.d.s.r.aws.ConfigClusterResolver      : Resolving eureka endpoints via configuration
2026-03-28T10:10:12.687+05:30  INFO [startup-service,,] 32488 --- [startup-service] [AsyncResolver-bootstrap-executor-%d] [                                                 ] c.n.d.s.r.aws.ConfigClusterResolver      : Resolving eureka endpoints via configuration
2026-03-28T10:15:12.830+05:30  INFO [startup-service,,] 32488 --- [startup-service] [AsyncResolver-bootstrap-executor-%d] [                                                 ] c.n.d.s.r.aws.ConfigClusterResolver      : Resolving eureka endpoints via configuration
2026-03-28T10:20:12.954+05:30  INFO [startup-service,,] 32488 --- [startup-service] [AsyncResolver-bootstrap-executor-%d] [                                                 ] c.n.d.s.r.aws.ConfigClusterResolver      : Resolving eureka endpoints via configuration
2026-03-28T10:25:12.001+05:30  WARN [startup-service,,] 32488 --- [startup-service] [HikariPool-1:housekeeper] [                                                 ] com.zaxxer.hikari.pool.HikariPool        : HikariPool-1 - Thread starvation or clock leap detected (housekeeper delta=3m10s833ms394µs600ns).
2026-03-28T10:28:00.640+05:30  INFO [startup-service,,] 32488 --- [startup-service] [AsyncResolver-bootstrap-executor-%d] [                                                 ] c.n.d.s.r.aws.ConfigClusterResolver      : Resolving eureka endpoints via configuration
2026-03-28T10:33:00.751+05:30  INFO [startup-service,,] 32488 --- [startup-service] [AsyncResolver-bootstrap-executor-%d] [                                                 ] c.n.d.s.r.aws.ConfigClusterResolver      : Resolving eureka endpoints via configuration
2026-03-28T10:38:00.802+05:30  INFO [startup-service,,] 32488 --- [startup-service] [AsyncResolver-bootstrap-executor-%d] [                                                 ] c.n.d.s.r.aws.ConfigClusterResolver      : Resolving eureka endpoints via configuration
2026-03-28T10:43:00.858+05:30  INFO [startup-service,,] 32488 --- [startup-service] [AsyncResolver-bootstrap-executor-%d] [                                                 ] c.n.d.s.r.aws.ConfigClusterResolver      : Resolving eureka endpoints via configuration
2026-03-28T10:48:00.992+05:30  INFO [startup-service,,] 32488 --- [startup-service] [AsyncResolver-bootstrap-executor-%d] [                                                 ] c.n.d.s.r.aws.ConfigClusterResolver      : Resolving eureka endpoints via configuration
2026-03-28T10:53:01.063+05:30  INFO [startup-service,,] 32488 --- [startup-service] [AsyncResolver-bootstrap-executor-%d] [                                                 ] c.n.d.s.r.aws.ConfigClusterResolver      : Resolving eureka endpoints via configuration
2026-03-28T10:58:01.098+05:30  INFO [startup-service,,] 32488 --- [startup-service] [AsyncResolver-bootstrap-executor-%d] [                                                 ] c.n.d.s.r.aws.ConfigClusterResolver      : Resolving eureka endpoints via configuration
2026-03-28T11:03:01.158+05:30  INFO [startup-service,,] 32488 --- [startup-service] [AsyncResolver-bootstrap-executor-%d] [                                                 ] c.n.d.s.r.aws.ConfigClusterResolver      : Resolving eureka endpoints via configuration
2026-03-28T11:08:01.181+05:30  INFO [startup-service,,] 32488 --- [startup-service] [AsyncResolver-bootstrap-executor-%d] [                                                 ] c.n.d.s.r.aws.ConfigClusterResolver      : Resolving eureka endpoints via configuration
2026-03-28T11:13:01.246+05:30  INFO [startup-service,,] 32488 --- [startup-service] [AsyncResolver-bootstrap-executor-%d] [                                                 ] c.n.d.s.r.aws.ConfigClusterResolver      : Resolving eureka endpoints via configuration
2026-03-28T11:18:01.286+05:30  INFO [startup-service,,] 32488 --- [startup-service] [AsyncResolver-bootstrap-executor-%d] [                                                 ] c.n.d.s.r.aws.ConfigClusterResolver      : Resolving eureka endpoints via configuration
2026-03-28T11:23:01.301+05:30  INFO [startup-service,,] 32488 --- [startup-service] [AsyncResolver-bootstrap-executor-%d] [                                                 ] c.n.d.s.r.aws.ConfigClusterResolver      : Resolving eureka endpoints via configuration
2026-03-28T11:28:01.373+05:30  INFO [startup-service,,] 32488 --- [startup-service] [AsyncResolver-bootstrap-executor-%d] [                                                 ] c.n.d.s.r.aws.ConfigClusterResolver      : Resolving eureka endpoints via configuration
2026-03-28T11:33:01.418+05:30  INFO [startup-service,,] 32488 --- [startup-service] [AsyncResolver-bootstrap-executor-%d] [                                                 ] c.n.d.s.r.aws.ConfigClusterResolver      : Resolving eureka endpoints via configuration
2026-03-28T11:38:01.474+05:30  INFO [startup-service,,] 32488 --- [startup-service] [AsyncResolver-bootstrap-executor-%d] [                                                 ] c.n.d.s.r.aws.ConfigClusterResolver      : Resolving eureka endpoints via configuration
2026-03-28T11:43:01.479+05:30  INFO [startup-service,,] 32488 --- [startup-service] [AsyncResolver-bootstrap-executor-%d] [                                                 ] c.n.d.s.r.aws.ConfigClusterResolver      : Resolving eureka endpoints via configuration
2026-03-28T11:48:01.495+05:30  INFO [startup-service,,] 32488 --- [startup-service] [AsyncResolver-bootstrap-executor-%d] [                                                 ] c.n.d.s.r.aws.ConfigClusterResolver      : Resolving eureka endpoints via configuration
2026-03-28T11:53:01.518+05:30  INFO [startup-service,,] 32488 --- [startup-service] [AsyncResolver-bootstrap-executor-%d] [                                                 ] c.n.d.s.r.aws.ConfigClusterResolver      : Resolving eureka endpoints via configuration
2026-03-28T11:58:01.568+05:30  INFO [startup-service,,] 32488 --- [startup-service] [AsyncResolver-bootstrap-executor-%d] [                                                 ] c.n.d.s.r.aws.ConfigClusterResolver      : Resolving eureka endpoints via configuration
2026-03-28T12:03:01.630+05:30  INFO [startup-service,,] 32488 --- [startup-service] [AsyncResolver-bootstrap-executor-%d] [                                                 ] c.n.d.s.r.aws.ConfigClusterResolver      : Resolving eureka endpoints via configuration
2026-03-28T12:08:01.698+05:30  INFO [startup-service,,] 32488 --- [startup-service] [AsyncResolver-bootstrap-executor-%d] [                                                 ] c.n.d.s.r.aws.ConfigClusterResolver      : Resolving eureka endpoints via configuration
2026-03-28T12:13:01.763+05:30  INFO [startup-service,,] 32488 --- [startup-service] [AsyncResolver-bootstrap-executor-%d] [                                                 ] c.n.d.s.r.aws.ConfigClusterResolver      : Resolving eureka endpoints via configuration
2026-03-28T12:18:01.844+05:30  INFO [startup-service,,] 32488 --- [startup-service] [AsyncResolver-bootstrap-executor-%d] [                                                 ] c.n.d.s.r.aws.ConfigClusterResolver      : Resolving eureka endpoints via configuration
2026-03-28T12:23:01.890+05:30  INFO [startup-service,,] 32488 --- [startup-service] [AsyncResolver-bootstrap-executor-%d] [                                                 ] c.n.d.s.r.aws.ConfigClusterResolver      : Resolving eureka endpoints via configuration
2026-03-28T12:28:01.937+05:30  INFO [startup-service,,] 32488 --- [startup-service] [AsyncResolver-bootstrap-executor-%d] [                                                 ] c.n.d.s.r.aws.ConfigClusterResolver      : Resolving eureka endpoints via configuration
2026-03-28T12:33:01.973+05:30  INFO [startup-service,,] 32488 --- [startup-service] [AsyncResolver-bootstrap-executor-%d] [                                                 ] c.n.d.s.r.aws.ConfigClusterResolver      : Resolving eureka endpoints via configuration
2026-03-28T12:38:02.036+05:30  INFO [startup-service,,] 32488 --- [startup-service] [AsyncResolver-bootstrap-executor-%d] [                                                 ] c.n.d.s.r.aws.ConfigClusterResolver      : Resolving eureka endpoints via configuration
2026-03-28T12:43:02.099+05:30  INFO [startup-service,,] 32488 --- [startup-service] [AsyncResolver-bootstrap-executor-%d] [                                                 ] c.n.d.s.r.aws.ConfigClusterResolver      : Resolving eureka endpoints via configuration
2026-03-28T12:48:02.106+05:30  INFO [startup-service,,] 32488 --- [startup-service] [AsyncResolver-bootstrap-executor-%d] [                                                 ] c.n.d.s.r.aws.ConfigClusterResolver      : Resolving eureka endpoints via configuration
2026-03-28T12:53:02.119+05:30  INFO [startup-service,,] 32488 --- [startup-service] [AsyncResolver-bootstrap-executor-%d] [                                                 ] c.n.d.s.r.aws.ConfigClusterResolver      : Resolving eureka endpoints via configuration
2026-03-28T12:58:02.150+05:30  INFO [startup-service,,] 32488 --- [startup-service] [AsyncResolver-bootstrap-executor-%d] [                                                 ] c.n.d.s.r.aws.ConfigClusterResolver      : Resolving eureka endpoints via configuration
2026-03-28T13:01:10.346+05:30  INFO [startup-service,,] 32488 --- [startup-service] [http-nio-8083-exec-3] [                                                 ] o.a.c.c.C.[Tomcat].[localhost].[/]       : Initializing Spring DispatcherServlet 'dispatcherServlet'
2026-03-28T13:01:10.364+05:30  INFO [startup-service,,] 32488 --- [startup-service] [http-nio-8083-exec-3] [                                                 ] o.s.web.servlet.DispatcherServlet        : Initializing Servlet 'dispatcherServlet'
2026-03-28T13:01:10.631+05:30  INFO [startup-service,,] 32488 --- [startup-service] [http-nio-8083-exec-3] [                                                 ] o.s.web.servlet.DispatcherServlet        : Completed initialization in 262 ms
2026-03-28T13:01:14.016+05:30  INFO [startup-service,69c783bedaacaa8a4c86ed78a425aab3,0f48008534fb6055] 32488 --- [startup-service] [http-nio-8083-exec-3] [69c783bedaacaa8a4c86ed78a425aab3-0f48008534fb6055] o.springdoc.api.AbstractOpenApiResource  : Init duration for springdoc-openapi is: 2113 ms
2026-03-28T13:03:02.195+05:30  INFO [startup-service,,] 32488 --- [startup-service] [AsyncResolver-bootstrap-executor-%d] [                                                 ] c.n.d.s.r.aws.ConfigClusterResolver      : Resolving eureka endpoints via configuration
2026-03-28T13:08:02.260+05:30  INFO [startup-service,,] 32488 --- [startup-service] [AsyncResolver-bootstrap-executor-%d] [                                                 ] c.n.d.s.r.aws.ConfigClusterResolver      : Resolving eureka endpoints via configuration
2026-03-28T13:13:02.289+05:30  INFO [startup-service,,] 32488 --- [startup-service] [AsyncResolver-bootstrap-executor-%d] [                                                 ] c.n.d.s.r.aws.ConfigClusterResolver      : Resolving eureka endpoints via configuration
2026-03-28T13:18:02.331+05:30  INFO [startup-service,,] 32488 --- [startup-service] [AsyncResolver-bootstrap-executor-%d] [                                                 ] c.n.d.s.r.aws.ConfigClusterResolver      : Resolving eureka endpoints via configuration
2026-03-28T13:24:04.298+05:30  WARN [startup-service,,] 32488 --- [startup-service] [HikariPool-1:housekeeper] [                                                 ] com.zaxxer.hikari.pool.HikariPool        : HikariPool-1 - Thread starvation or clock leap detected (housekeeper delta=2m19s211ms884µs600ns).
2026-03-28T13:25:13.899+05:30  INFO [startup-service,,] 32488 --- [startup-service] [AsyncResolver-bootstrap-executor-%d] [                                                 ] c.n.d.s.r.aws.ConfigClusterResolver      : Resolving eureka endpoints via configuration
2026-03-28T13:30:13.970+05:30  INFO [startup-service,,] 32488 --- [startup-service] [AsyncResolver-bootstrap-executor-%d] [                                                 ] c.n.d.s.r.aws.ConfigClusterResolver      : Resolving eureka endpoints via configuration
2026-03-28T13:35:14.047+05:30  INFO [startup-service,,] 32488 --- [startup-service] [AsyncResolver-bootstrap-executor-%d] [                                                 ] c.n.d.s.r.aws.ConfigClusterResolver      : Resolving eureka endpoints via configuration
2026-03-28T13:45:32.945+05:30  WARN [startup-service,,] 32488 --- [startup-service] [HikariPool-1:housekeeper] [                                                 ] com.zaxxer.hikari.pool.HikariPool        : HikariPool-1 - Thread starvation or clock leap detected (housekeeper delta=6m58s313ms404µs400ns).
2026-03-28T13:46:42.461+05:30  INFO [startup-service,,] 32488 --- [startup-service] [AsyncResolver-bootstrap-executor-%d] [                                                 ] c.n.d.s.r.aws.ConfigClusterResolver      : Resolving eureka endpoints via configuration
2026-03-28T13:51:42.528+05:30  INFO [startup-service,,] 32488 --- [startup-service] [AsyncResolver-bootstrap-executor-%d] [                                                 ] c.n.d.s.r.aws.ConfigClusterResolver      : Resolving eureka endpoints via configuration
2026-03-28T13:56:42.573+05:30  INFO [startup-service,,] 32488 --- [startup-service] [AsyncResolver-bootstrap-executor-%d] [                                                 ] c.n.d.s.r.aws.ConfigClusterResolver      : Resolving eureka endpoints via configuration
2026-03-28T14:01:42.629+05:30  INFO [startup-service,,] 32488 --- [startup-service] [AsyncResolver-bootstrap-executor-%d] [                                                 ] c.n.d.s.r.aws.ConfigClusterResolver      : Resolving eureka endpoints via configuration
2026-03-28T14:06:42.664+05:30  INFO [startup-service,,] 32488 --- [startup-service] [AsyncResolver-bootstrap-executor-%d] [                                                 ] c.n.d.s.r.aws.ConfigClusterResolver      : Resolving eureka endpoints via configuration
2026-03-28T14:11:42.698+05:30  INFO [startup-service,,] 32488 --- [startup-service] [AsyncResolver-bootstrap-executor-%d] [                                                 ] c.n.d.s.r.aws.ConfigClusterResolver      : Resolving eureka endpoints via configuration
2026-03-28T14:16:42.765+05:30  INFO [startup-service,,] 32488 --- [startup-service] [AsyncResolver-bootstrap-executor-%d] [                                                 ] c.n.d.s.r.aws.ConfigClusterResolver      : Resolving eureka endpoints via configuration
2026-03-28T14:21:42.860+05:30  INFO [startup-service,,] 32488 --- [startup-service] [AsyncResolver-bootstrap-executor-%d] [                                                 ] c.n.d.s.r.aws.ConfigClusterResolver      : Resolving eureka endpoints via configuration
2026-03-28T14:26:42.885+05:30  INFO [startup-service,,] 32488 --- [startup-service] [AsyncResolver-bootstrap-executor-%d] [                                                 ] c.n.d.s.r.aws.ConfigClusterResolver      : Resolving eureka endpoints via configuration
2026-03-28T14:31:42.936+05:30  INFO [startup-service,,] 32488 --- [startup-service] [AsyncResolver-bootstrap-executor-%d] [                                                 ] c.n.d.s.r.aws.ConfigClusterResolver      : Resolving eureka endpoints via configuration
2026-03-28T14:36:42.958+05:30  INFO [startup-service,,] 32488 --- [startup-service] [AsyncResolver-bootstrap-executor-%d] [                                                 ] c.n.d.s.r.aws.ConfigClusterResolver      : Resolving eureka endpoints via configuration
2026-03-28T14:41:42.989+05:30  INFO [startup-service,,] 32488 --- [startup-service] [AsyncResolver-bootstrap-executor-%d] [                                                 ] c.n.d.s.r.aws.ConfigClusterResolver      : Resolving eureka endpoints via configuration
2026-03-28T14:45:11.672+05:30  WARN [startup-service,,] 32488 --- [startup-service] [AsyncReporter{ZipkinHttpClientSender{http://localhost:9411/api/v2/spans}}] [                                                 ] z.r.i.AsyncReporter$BoundedAsyncReporter : Spans were dropped due to exceptions. All subsequent errors will be logged at FINE level.
2026-03-28T14:45:11.691+05:30  WARN [startup-service,,] 32488 --- [startup-service] [AsyncReporter{ZipkinHttpClientSender{http://localhost:9411/api/v2/spans}}] [                                                 ] z.r.i.AsyncReporter$BoundedAsyncReporter : Dropped 1 spans due to ConnectException()

java.net.ConnectException
	at java.net.http/jdk.internal.net.http.HttpClientImpl.send(HttpClientImpl.java:955) ~[java.net.http:na]
	at java.net.http/jdk.internal.net.http.HttpClientFacade.send(HttpClientFacade.java:133) ~[java.net.http:na]
	at org.springframework.boot.actuate.autoconfigure.tracing.zipkin.ZipkinHttpClientSender.postSpans(ZipkinHttpClientSender.java:60) ~[spring-boot-actuator-autoconfigure-3.5.12.jar:3.5.12]
	at org.springframework.boot.actuate.autoconfigure.tracing.zipkin.HttpSender.postSpans(HttpSender.java:69) ~[spring-boot-actuator-autoconfigure-3.5.12.jar:3.5.12]
	at org.springframework.boot.actuate.autoconfigure.tracing.zipkin.HttpSender.postSpans(HttpSender.java:41) ~[spring-boot-actuator-autoconfigure-3.5.12.jar:3.5.12]
	at zipkin2.reporter.BaseHttpSender.send(BaseHttpSender.java:123) ~[zipkin-reporter-3.5.1.jar:na]
	at zipkin2.reporter.internal.AsyncReporter$BoundedAsyncReporter.flush(AsyncReporter.java:266) ~[zipkin-reporter-3.5.1.jar:na]
	at zipkin2.reporter.internal.AsyncReporter$Flusher.run(AsyncReporter.java:352) ~[zipkin-reporter-3.5.1.jar:na]
	at java.base/java.lang.Thread.run(Thread.java:1583) ~[na:na]
Caused by: java.net.ConnectException
	at java.net.http/jdk.internal.net.http.common.Utils.toConnectException(Utils.java:1065) ~[java.net.http:na]
	at java.net.http/jdk.internal.net.http.PlainHttpConnection.connectAsync(PlainHttpConnection.java:227) ~[java.net.http:na]
	at java.net.http/jdk.internal.net.http.PlainHttpConnection.checkRetryConnect(PlainHttpConnection.java:280) ~[java.net.http:na]
	at java.net.http/jdk.internal.net.http.PlainHttpConnection.lambda$connectAsync$2(PlainHttpConnection.java:238) ~[java.net.http:na]
	at java.base/java.util.concurrent.CompletableFuture.uniHandle(CompletableFuture.java:934) ~[na:na]
	at java.base/java.util.concurrent.CompletableFuture$UniHandle.tryFire(CompletableFuture.java:911) ~[na:na]
	at java.base/java.util.concurrent.CompletableFuture.postComplete(CompletableFuture.java:510) ~[na:na]
	at java.base/java.util.concurrent.CompletableFuture$AsyncSupply.run(CompletableFuture.java:1773) ~[na:na]
	at java.base/java.util.concurrent.ThreadPoolExecutor.runWorker(ThreadPoolExecutor.java:1144) ~[na:na]
	at java.base/java.util.concurrent.ThreadPoolExecutor$Worker.run(ThreadPoolExecutor.java:642) ~[na:na]
	... 1 common frames omitted
Caused by: java.nio.channels.ClosedChannelException
	at java.base/sun.nio.ch.SocketChannelImpl.ensureOpen(SocketChannelImpl.java:202) ~[na:na]
	at java.base/sun.nio.ch.SocketChannelImpl.beginConnect(SocketChannelImpl.java:786) ~[na:na]
	at java.base/sun.nio.ch.SocketChannelImpl.connect(SocketChannelImpl.java:874) ~[na:na]
	at java.net.http/jdk.internal.net.http.PlainHttpConnection.lambda$connectAsync$1(PlainHttpConnection.java:210) ~[java.net.http:na]
	at java.base/java.security.AccessController.doPrivileged(AccessController.java:571) ~[na:na]
	at java.net.http/jdk.internal.net.http.PlainHttpConnection.connectAsync(PlainHttpConnection.java:212) ~[java.net.http:na]
	... 9 common frames omitted

