2026-05-01T10:46:41.183+05:30  INFO [messaging-service,,] 22340 --- [messaging-service] [main] [                                                 ] c.p.m.MessagingServiceApplication        : Starting MessagingServiceApplication using Java 21.0.10 with PID 22340 (C:\Users\hp\Desktop\FounderLink - Copy\messaging-service\target\classes started by hp in C:\Users\hp\Desktop\FounderLink - Copy\messaging-service)
2026-05-01T10:46:41.199+05:30  INFO [messaging-service,,] 22340 --- [messaging-service] [main] [                                                 ] c.p.m.MessagingServiceApplication        : No active profile set, falling back to 1 default profile: "default"
2026-05-01T10:46:43.064+05:30  INFO [messaging-service,,] 22340 --- [messaging-service] [main] [                                                 ] .s.d.r.c.RepositoryConfigurationDelegate : Bootstrapping Spring Data JPA repositories in DEFAULT mode.
2026-05-01T10:46:43.247+05:30  INFO [messaging-service,,] 22340 --- [messaging-service] [main] [                                                 ] .s.d.r.c.RepositoryConfigurationDelegate : Finished Spring Data repository scanning in 172 ms. Found 2 JPA repository interfaces.
2026-05-01T10:46:43.775+05:30  INFO [messaging-service,,] 22340 --- [messaging-service] [main] [                                                 ] o.s.cloud.context.scope.GenericScope     : BeanFactory id=866c6174-6fe0-3e1d-b70e-4205cb58ea41
2026-05-01T10:46:44.601+05:30  INFO [messaging-service,,] 22340 --- [messaging-service] [main] [                                                 ] o.s.b.w.embedded.tomcat.TomcatWebServer  : Tomcat initialized with port 8086 (http)
2026-05-01T10:46:44.632+05:30  INFO [messaging-service,,] 22340 --- [messaging-service] [main] [                                                 ] o.apache.catalina.core.StandardService   : Starting service [Tomcat]
2026-05-01T10:46:44.633+05:30  INFO [messaging-service,,] 22340 --- [messaging-service] [main] [                                                 ] o.apache.catalina.core.StandardEngine    : Starting Servlet engine: [Apache Tomcat/10.1.52]
2026-05-01T10:46:44.749+05:30  INFO [messaging-service,,] 22340 --- [messaging-service] [main] [                                                 ] o.a.c.c.C.[Tomcat].[localhost].[/]       : Initializing Spring embedded WebApplicationContext
2026-05-01T10:46:44.749+05:30  INFO [messaging-service,,] 22340 --- [messaging-service] [main] [                                                 ] w.s.c.ServletWebServerApplicationContext : Root WebApplicationContext: initialization completed in 3476 ms
2026-05-01T10:46:45.948+05:30  INFO [messaging-service,,] 22340 --- [messaging-service] [main] [                                                 ] o.hibernate.jpa.internal.util.LogHelper  : HHH000204: Processing PersistenceUnitInfo [name: default]
2026-05-01T10:46:46.055+05:30  INFO [messaging-service,,] 22340 --- [messaging-service] [main] [                                                 ] org.hibernate.Version                    : HHH000412: Hibernate ORM core version 6.6.44.Final
2026-05-01T10:46:46.124+05:30  INFO [messaging-service,,] 22340 --- [messaging-service] [main] [                                                 ] o.h.c.internal.RegionFactoryInitiator    : HHH000026: Second-level cache disabled
2026-05-01T10:46:46.524+05:30  INFO [messaging-service,,] 22340 --- [messaging-service] [main] [                                                 ] o.s.o.j.p.SpringPersistenceUnitInfo      : No LoadTimeWeaver setup: ignoring JPA class transformer
2026-05-01T10:46:46.565+05:30  INFO [messaging-service,,] 22340 --- [messaging-service] [main] [                                                 ] com.zaxxer.hikari.HikariDataSource       : HikariPool-1 - Starting...
2026-05-01T10:46:46.803+05:30  INFO [messaging-service,,] 22340 --- [messaging-service] [main] [                                                 ] com.zaxxer.hikari.pool.HikariPool        : HikariPool-1 - Added connection org.postgresql.jdbc.PgConnection@4056cdb2
2026-05-01T10:46:46.804+05:30  INFO [messaging-service,,] 22340 --- [messaging-service] [main] [                                                 ] com.zaxxer.hikari.HikariDataSource       : HikariPool-1 - Start completed.
2026-05-01T10:46:46.882+05:30  INFO [messaging-service,,] 22340 --- [messaging-service] [main] [                                                 ] org.hibernate.orm.connections.pooling    : HHH10001005: Database info:
	Database JDBC URL [Connecting through datasource 'HikariDataSource (HikariPool-1)']
	Database driver: undefined/unknown
	Database version: 18.1
	Autocommit mode: undefined/unknown
	Isolation level: undefined/unknown
	Minimum pool size: undefined/unknown
	Maximum pool size: undefined/unknown
2026-05-01T10:46:48.165+05:30  INFO [messaging-service,,] 22340 --- [messaging-service] [main] [                                                 ] o.h.e.t.j.p.i.JtaPlatformInitiator       : HHH000489: No JTA platform available (set 'hibernate.transaction.jta.platform' to enable JTA platform integration)
2026-05-01T10:46:48.276+05:30  INFO [messaging-service,,] 22340 --- [messaging-service] [main] [                                                 ] j.LocalContainerEntityManagerFactoryBean : Initialized JPA EntityManagerFactory for persistence unit 'default'
2026-05-01T10:46:49.365+05:30  WARN [messaging-service,,] 22340 --- [messaging-service] [main] [                                                 ] JpaBaseConfiguration$JpaWebConfiguration : spring.jpa.open-in-view is enabled by default. Therefore, database queries may be performed during view rendering. Explicitly configure spring.jpa.open-in-view to disable this warning
2026-05-01T10:46:49.497+05:30  INFO [messaging-service,,] 22340 --- [messaging-service] [main] [                                                 ] o.s.c.openfeign.FeignClientFactoryBean   : For 'user-service' URL not provided. Will try picking an instance via load-balancing.
2026-05-01T10:46:49.698+05:30  WARN [messaging-service,,] 22340 --- [messaging-service] [main] [                                                 ] .s.s.UserDetailsServiceAutoConfiguration : 

Using generated security password: d4727e2a-7c99-4d41-a10f-38ae071386ae

This generated password is for development use only. Your security configuration must be updated before running your application in production.

2026-05-01T10:46:49.706+05:30  INFO [messaging-service,,] 22340 --- [messaging-service] [main] [                                                 ] r$InitializeUserDetailsManagerConfigurer : Global AuthenticationManager configured with UserDetailsService bean with name inMemoryUserDetailsManager
2026-05-01T10:46:50.328+05:30  INFO [messaging-service,,] 22340 --- [messaging-service] [main] [                                                 ] o.s.b.a.e.web.EndpointLinksResolver      : Exposing 3 endpoints beneath base path '/actuator'
2026-05-01T10:46:51.187+05:30  INFO [messaging-service,,] 22340 --- [messaging-service] [main] [                                                 ] DiscoveryClientOptionalArgsConfiguration : Eureka HTTP Client uses RestTemplate.
2026-05-01T10:46:51.249+05:30  WARN [messaging-service,,] 22340 --- [messaging-service] [main] [                                                 ] iguration$LoadBalancerCaffeineWarnLogger : Spring Cloud LoadBalancer is currently working with the default cache. While this cache implementation is useful for development and tests, it's recommended to use Caffeine cache in production.You can switch to using Caffeine cache, by adding it and org.springframework.cache.caffeine.CaffeineCacheManager to the classpath.
2026-05-01T10:46:51.376+05:30  INFO [messaging-service,,] 22340 --- [messaging-service] [main] [                                                 ] o.s.c.n.eureka.InstanceInfoFactory       : Setting initial instance status as: STARTING
2026-05-01T10:46:51.440+05:30  INFO [messaging-service,,] 22340 --- [messaging-service] [main] [                                                 ] com.netflix.discovery.DiscoveryClient    : Initializing Eureka in region us-east-1
2026-05-01T10:46:51.450+05:30  INFO [messaging-service,,] 22340 --- [messaging-service] [main] [                                                 ] c.n.d.s.r.aws.ConfigClusterResolver      : Resolving eureka endpoints via configuration
2026-05-01T10:46:51.469+05:30  INFO [messaging-service,,] 22340 --- [messaging-service] [main] [                                                 ] com.netflix.discovery.DiscoveryClient    : Disable delta property : false
2026-05-01T10:46:51.470+05:30  INFO [messaging-service,,] 22340 --- [messaging-service] [main] [                                                 ] com.netflix.discovery.DiscoveryClient    : Single vip registry refresh property : null
2026-05-01T10:46:51.470+05:30  INFO [messaging-service,,] 22340 --- [messaging-service] [main] [                                                 ] com.netflix.discovery.DiscoveryClient    : Force full registry fetch : false
2026-05-01T10:46:51.470+05:30  INFO [messaging-service,,] 22340 --- [messaging-service] [main] [                                                 ] com.netflix.discovery.DiscoveryClient    : Application is null : false
2026-05-01T10:46:51.470+05:30  INFO [messaging-service,,] 22340 --- [messaging-service] [main] [                                                 ] com.netflix.discovery.DiscoveryClient    : Registered Applications size is zero : true
2026-05-01T10:46:51.470+05:30  INFO [messaging-service,,] 22340 --- [messaging-service] [main] [                                                 ] com.netflix.discovery.DiscoveryClient    : Application version is -1: true
2026-05-01T10:46:51.470+05:30  INFO [messaging-service,,] 22340 --- [messaging-service] [main] [                                                 ] com.netflix.discovery.DiscoveryClient    : Getting all instance registry info from the eureka server
2026-05-01T10:46:51.989+05:30  INFO [messaging-service,,] 22340 --- [messaging-service] [main] [                                                 ] com.netflix.discovery.DiscoveryClient    : The response status is 200
2026-05-01T10:46:51.995+05:30  INFO [messaging-service,,] 22340 --- [messaging-service] [main] [                                                 ] com.netflix.discovery.DiscoveryClient    : Starting heartbeat executor: renew interval is: 30
2026-05-01T10:46:52.001+05:30  INFO [messaging-service,,] 22340 --- [messaging-service] [main] [                                                 ] c.n.discovery.InstanceInfoReplicator     : InstanceInfoReplicator onDemand update allowed rate per min is 4
2026-05-01T10:46:52.005+05:30  INFO [messaging-service,,] 22340 --- [messaging-service] [main] [                                                 ] com.netflix.discovery.DiscoveryClient    : Discovery Client initialized at timestamp 1777612612005 with initial instances count: 5
2026-05-01T10:46:52.013+05:30  INFO [messaging-service,,] 22340 --- [messaging-service] [main] [                                                 ] o.s.c.n.e.s.EurekaServiceRegistry        : Registering application MESSAGING-SERVICE with eureka with status UP
2026-05-01T10:46:52.015+05:30  INFO [messaging-service,,] 22340 --- [messaging-service] [main] [                                                 ] com.netflix.discovery.DiscoveryClient    : Saw local status change event StatusChangeEvent [timestamp=1777612612015, current=UP, previous=STARTING]
2026-05-01T10:46:52.020+05:30  INFO [messaging-service,,] 22340 --- [messaging-service] [DiscoveryClient-InstanceInfoReplicator-%d] [                                                 ] com.netflix.discovery.DiscoveryClient    : DiscoveryClient_MESSAGING-SERVICE/DESKTOP-RMKQB1H:messaging-service:8086: registering service...
2026-05-01T10:46:52.060+05:30  INFO [messaging-service,,] 22340 --- [messaging-service] [main] [                                                 ] o.s.b.w.embedded.tomcat.TomcatWebServer  : Tomcat started on port 8086 (http) with context path '/'
2026-05-01T10:46:52.062+05:30  INFO [messaging-service,,] 22340 --- [messaging-service] [main] [                                                 ] .s.c.n.e.s.EurekaAutoServiceRegistration : Updating port to 8086
2026-05-01T10:46:52.101+05:30  INFO [messaging-service,,] 22340 --- [messaging-service] [main] [                                                 ] c.p.m.MessagingServiceApplication        : Started MessagingServiceApplication in 11.677 seconds (process running for 12.383)
2026-05-01T10:46:52.126+05:30  INFO [messaging-service,,] 22340 --- [messaging-service] [DiscoveryClient-InstanceInfoReplicator-%d] [                                                 ] com.netflix.discovery.DiscoveryClient    : DiscoveryClient_MESSAGING-SERVICE/DESKTOP-RMKQB1H:messaging-service:8086 - registration status: 204
2026-05-01T10:51:51.509+05:30  INFO [messaging-service,,] 22340 --- [messaging-service] [AsyncResolver-bootstrap-executor-%d] [                                                 ] c.n.d.s.r.aws.ConfigClusterResolver      : Resolving eureka endpoints via configuration
2026-05-01T10:56:51.626+05:30  INFO [messaging-service,,] 22340 --- [messaging-service] [AsyncResolver-bootstrap-executor-%d] [                                                 ] c.n.d.s.r.aws.ConfigClusterResolver      : Resolving eureka endpoints via configuration
2026-05-01T11:01:51.689+05:30  INFO [messaging-service,,] 22340 --- [messaging-service] [AsyncResolver-bootstrap-executor-%d] [                                                 ] c.n.d.s.r.aws.ConfigClusterResolver      : Resolving eureka endpoints via configuration
2026-05-01T11:06:51.708+05:30  INFO [messaging-service,,] 22340 --- [messaging-service] [AsyncResolver-bootstrap-executor-%d] [                                                 ] c.n.d.s.r.aws.ConfigClusterResolver      : Resolving eureka endpoints via configuration
2026-05-01T11:11:51.720+05:30  INFO [messaging-service,,] 22340 --- [messaging-service] [AsyncResolver-bootstrap-executor-%d] [                                                 ] c.n.d.s.r.aws.ConfigClusterResolver      : Resolving eureka endpoints via configuration
2026-05-01T11:16:51.747+05:30  INFO [messaging-service,,] 22340 --- [messaging-service] [AsyncResolver-bootstrap-executor-%d] [                                                 ] c.n.d.s.r.aws.ConfigClusterResolver      : Resolving eureka endpoints via configuration
2026-05-01T11:21:51.824+05:30  INFO [messaging-service,,] 22340 --- [messaging-service] [AsyncResolver-bootstrap-executor-%d] [                                                 ] c.n.d.s.r.aws.ConfigClusterResolver      : Resolving eureka endpoints via configuration
2026-05-01T11:26:47.138+05:30  INFO [messaging-service,,] 22340 --- [messaging-service] [http-nio-8086-exec-1] [                                                 ] o.a.c.c.C.[Tomcat].[localhost].[/]       : Initializing Spring DispatcherServlet 'dispatcherServlet'
2026-05-01T11:26:47.157+05:30  INFO [messaging-service,,] 22340 --- [messaging-service] [http-nio-8086-exec-1] [                                                 ] o.s.web.servlet.DispatcherServlet        : Initializing Servlet 'dispatcherServlet'
2026-05-01T11:26:47.256+05:30  INFO [messaging-service,,] 22340 --- [messaging-service] [http-nio-8086-exec-1] [                                                 ] o.s.web.servlet.DispatcherServlet        : Completed initialization in 96 ms
2026-05-01T11:26:51.881+05:30  INFO [messaging-service,,] 22340 --- [messaging-service] [AsyncResolver-bootstrap-executor-%d] [                                                 ] c.n.d.s.r.aws.ConfigClusterResolver      : Resolving eureka endpoints via configuration
2026-05-01T11:31:51.911+05:30  INFO [messaging-service,,] 22340 --- [messaging-service] [AsyncResolver-bootstrap-executor-%d] [                                                 ] c.n.d.s.r.aws.ConfigClusterResolver      : Resolving eureka endpoints via configuration
2026-05-01T11:36:51.994+05:30  INFO [messaging-service,,] 22340 --- [messaging-service] [AsyncResolver-bootstrap-executor-%d] [                                                 ] c.n.d.s.r.aws.ConfigClusterResolver      : Resolving eureka endpoints via configuration
2026-05-01T11:41:52.042+05:30  INFO [messaging-service,,] 22340 --- [messaging-service] [AsyncResolver-bootstrap-executor-%d] [                                                 ] c.n.d.s.r.aws.ConfigClusterResolver      : Resolving eureka endpoints via configuration
2026-05-01T12:02:51.591+05:30  WARN [messaging-service,,] 22340 --- [messaging-service] [HikariPool-1:housekeeper] [                                                 ] com.zaxxer.hikari.pool.HikariPool        : HikariPool-1 - Thread starvation or clock leap detected (housekeeper delta=20m3s714ms624µs401ns).
2026-05-01T12:04:24.104+05:30  WARN [messaging-service,,] 22340 --- [messaging-service] [HikariPool-1:housekeeper] [                                                 ] com.zaxxer.hikari.pool.HikariPool        : HikariPool-1 - Thread starvation or clock leap detected (housekeeper delta=1m2s436ms382µs300ns).
2026-05-01T12:04:25.184+05:30  WARN [messaging-service,,] 22340 --- [messaging-service] [AsyncReporter{ZipkinHttpClientSender{http://localhost:9411/api/v2/spans}}] [                                                 ] z.r.i.AsyncReporter$BoundedAsyncReporter : Spans were dropped due to exceptions. All subsequent errors will be logged at FINE level.
2026-05-01T12:04:25.219+05:30  WARN [messaging-service,,] 22340 --- [messaging-service] [AsyncReporter{ZipkinHttpClientSender{http://localhost:9411/api/v2/spans}}] [                                                 ] z.r.i.AsyncReporter$BoundedAsyncReporter : Dropped 2 spans due to HttpTimeoutException(request timed out)

java.net.http.HttpTimeoutException: request timed out
	at java.net.http/jdk.internal.net.http.HttpClientImpl.send(HttpClientImpl.java:953) ~[java.net.http:na]
	at java.net.http/jdk.internal.net.http.HttpClientFacade.send(HttpClientFacade.java:133) ~[java.net.http:na]
	at org.springframework.boot.actuate.autoconfigure.tracing.zipkin.ZipkinHttpClientSender.postSpans(ZipkinHttpClientSender.java:60) ~[spring-boot-actuator-autoconfigure-3.5.12.jar:3.5.12]
	at org.springframework.boot.actuate.autoconfigure.tracing.zipkin.HttpSender.postSpans(HttpSender.java:69) ~[spring-boot-actuator-autoconfigure-3.5.12.jar:3.5.12]
	at org.springframework.boot.actuate.autoconfigure.tracing.zipkin.HttpSender.postSpans(HttpSender.java:41) ~[spring-boot-actuator-autoconfigure-3.5.12.jar:3.5.12]
	at zipkin2.reporter.BaseHttpSender.send(BaseHttpSender.java:123) ~[zipkin-reporter-3.5.1.jar:na]
	at zipkin2.reporter.internal.AsyncReporter$BoundedAsyncReporter.flush(AsyncReporter.java:266) ~[zipkin-reporter-3.5.1.jar:na]
	at zipkin2.reporter.internal.AsyncReporter$Flusher.run(AsyncReporter.java:352) ~[zipkin-reporter-3.5.1.jar:na]
	at java.base/java.lang.Thread.run(Thread.java:1583) ~[na:na]

