2026-03-28T09:28:49.065+05:30  INFO [auth-service,,] 66332 --- [auth-service] [main] [                                                 ] c.p.auth_service.AuthServiceApplication  : Starting AuthServiceApplication using Java 21.0.10 with PID 66332 (C:\Users\hp\Desktop\FounderLink - Copy\auth-service\target\classes started by hp in C:\Users\hp\Desktop\FounderLink - Copy\auth-service)
2026-03-28T09:28:49.113+05:30  INFO [auth-service,,] 66332 --- [auth-service] [main] [                                                 ] c.p.auth_service.AuthServiceApplication  : No active profile set, falling back to 1 default profile: "default"
2026-03-28T09:28:49.276+05:30  INFO [auth-service,,] 66332 --- [auth-service] [main] [                                                 ] o.s.c.c.c.ConfigServerConfigDataLoader   : Fetching config from server at : http://localhost:8888
2026-03-28T09:28:49.276+05:30  INFO [auth-service,,] 66332 --- [auth-service] [main] [                                                 ] o.s.c.c.c.ConfigServerConfigDataLoader   : Located environment: name=auth-service, profiles=[default], label=null, version=null, state=null
2026-03-28T09:28:52.812+05:30  INFO [auth-service,,] 66332 --- [auth-service] [main] [                                                 ] .s.d.r.c.RepositoryConfigurationDelegate : Bootstrapping Spring Data JPA repositories in DEFAULT mode.
2026-03-28T09:28:53.401+05:30  INFO [auth-service,,] 66332 --- [auth-service] [main] [                                                 ] .s.d.r.c.RepositoryConfigurationDelegate : Finished Spring Data repository scanning in 551 ms. Found 3 JPA repository interfaces.
2026-03-28T09:28:54.515+05:30  INFO [auth-service,,] 66332 --- [auth-service] [main] [                                                 ] o.s.cloud.context.scope.GenericScope     : BeanFactory id=b71c77de-e0a4-340b-bf51-b37ca690b21c
2026-03-28T09:28:55.797+05:30  WARN [auth-service,,] 66332 --- [auth-service] [main] [                                                 ] trationDelegate$BeanPostProcessorChecker : Bean 'org.springframework.cloud.client.loadbalancer.LoadBalancerAutoConfiguration$DeferringLoadBalancerInterceptorConfig' of type [org.springframework.cloud.client.loadbalancer.LoadBalancerAutoConfiguration$DeferringLoadBalancerInterceptorConfig] is not eligible for getting processed by all BeanPostProcessors (for example: not eligible for auto-proxying). The currently created BeanPostProcessor [lbRestClientPostProcessor] is declared through a non-static factory method on that class; consider declaring it as static instead.
2026-03-28T09:28:55.804+05:30  WARN [auth-service,,] 66332 --- [auth-service] [main] [                                                 ] trationDelegate$BeanPostProcessorChecker : Bean 'deferringLoadBalancerInterceptor' of type [org.springframework.cloud.client.loadbalancer.DeferringLoadBalancerInterceptor] is not eligible for getting processed by all BeanPostProcessors (for example: not eligible for auto-proxying). Is this bean getting eagerly injected into a currently created BeanPostProcessor [lbRestClientPostProcessor]? Check the corresponding BeanPostProcessor declaration and its dependencies.
2026-03-28T09:28:56.911+05:30  INFO [auth-service,,] 66332 --- [auth-service] [main] [                                                 ] o.s.b.w.embedded.tomcat.TomcatWebServer  : Tomcat initialized with port 8081 (http)
2026-03-28T09:28:56.950+05:30  INFO [auth-service,,] 66332 --- [auth-service] [main] [                                                 ] o.apache.catalina.core.StandardService   : Starting service [Tomcat]
2026-03-28T09:28:56.951+05:30  INFO [auth-service,,] 66332 --- [auth-service] [main] [                                                 ] o.apache.catalina.core.StandardEngine    : Starting Servlet engine: [Apache Tomcat/10.1.20]
2026-03-28T09:28:57.305+05:30  INFO [auth-service,,] 66332 --- [auth-service] [main] [                                                 ] o.a.c.c.C.[Tomcat].[localhost].[/]       : Initializing Spring embedded WebApplicationContext
2026-03-28T09:28:57.309+05:30  INFO [auth-service,,] 66332 --- [auth-service] [main] [                                                 ] w.s.c.ServletWebServerApplicationContext : Root WebApplicationContext: initialization completed in 8026 ms
2026-03-28T09:29:00.366+05:30  INFO [auth-service,,] 66332 --- [auth-service] [main] [                                                 ] o.hibernate.jpa.internal.util.LogHelper  : HHH000204: Processing PersistenceUnitInfo [name: default]
2026-03-28T09:29:00.582+05:30  INFO [auth-service,,] 66332 --- [auth-service] [main] [                                                 ] org.hibernate.Version                    : HHH000412: Hibernate ORM core version 6.4.4.Final
2026-03-28T09:29:00.680+05:30  INFO [auth-service,,] 66332 --- [auth-service] [main] [                                                 ] o.h.c.internal.RegionFactoryInitiator    : HHH000026: Second-level cache disabled
2026-03-28T09:29:01.524+05:30  INFO [auth-service,,] 66332 --- [auth-service] [main] [                                                 ] o.s.o.j.p.SpringPersistenceUnitInfo      : No LoadTimeWeaver setup: ignoring JPA class transformer
2026-03-28T09:29:01.613+05:30  INFO [auth-service,,] 66332 --- [auth-service] [main] [                                                 ] com.zaxxer.hikari.HikariDataSource       : HikariPool-1 - Starting...
2026-03-28T09:29:02.272+05:30  INFO [auth-service,,] 66332 --- [auth-service] [main] [                                                 ] com.zaxxer.hikari.pool.HikariPool        : HikariPool-1 - Added connection org.postgresql.jdbc.PgConnection@2f7d8a7c
2026-03-28T09:29:02.282+05:30  INFO [auth-service,,] 66332 --- [auth-service] [main] [                                                 ] com.zaxxer.hikari.HikariDataSource       : HikariPool-1 - Start completed.
2026-03-28T09:29:05.741+05:30  INFO [auth-service,,] 66332 --- [auth-service] [main] [                                                 ] o.h.e.t.j.p.i.JtaPlatformInitiator       : HHH000489: No JTA platform available (set 'hibernate.transaction.jta.platform' to enable JTA platform integration)
2026-03-28T09:29:07.953+05:30  INFO [auth-service,,] 66332 --- [auth-service] [main] [                                                 ] j.LocalContainerEntityManagerFactoryBean : Initialized JPA EntityManagerFactory for persistence unit 'default'
2026-03-28T09:29:09.484+05:30  INFO [auth-service,,] 66332 --- [auth-service] [main] [                                                 ] o.s.d.j.r.query.QueryEnhancerFactory     : Hibernate is in classpath; If applicable, HQL parser will be used.
2026-03-28T09:29:16.151+05:30  WARN [auth-service,,] 66332 --- [auth-service] [main] [                                                 ] JpaBaseConfiguration$JpaWebConfiguration : spring.jpa.open-in-view is enabled by default. Therefore, database queries may be performed during view rendering. Explicitly configure spring.jpa.open-in-view to disable this warning
2026-03-28T09:29:16.271+05:30  WARN [auth-service,,] 66332 --- [auth-service] [main] [                                                 ] .s.s.UserDetailsServiceAutoConfiguration : 

Using generated security password: 0afbe7d3-aab2-4782-ac9a-aa48045c2ccb

This generated password is for development use only. Your security configuration must be updated before running your application in production.

2026-03-28T09:29:18.288+05:30  INFO [auth-service,,] 66332 --- [auth-service] [main] [                                                 ] o.s.b.a.e.web.EndpointLinksResolver      : Exposing 3 endpoint(s) beneath base path '/actuator'
2026-03-28T09:29:18.491+05:30  INFO [auth-service,,] 66332 --- [auth-service] [main] [                                                 ] o.s.s.web.DefaultSecurityFilterChain     : Will secure any request with [org.springframework.security.web.session.DisableEncodeUrlFilter@4d8e6daa, org.springframework.security.web.context.request.async.WebAsyncManagerIntegrationFilter@207512c3, org.springframework.security.web.context.SecurityContextHolderFilter@106277d6, org.springframework.security.web.header.HeaderWriterFilter@9da8b97, org.springframework.web.filter.CorsFilter@74cf108b, org.springframework.security.web.authentication.logout.LogoutFilter@435d74ba, org.springframework.security.web.savedrequest.RequestCacheAwareFilter@9640678, org.springframework.security.web.servletapi.SecurityContextHolderAwareRequestFilter@67e42fd6, org.springframework.security.web.authentication.AnonymousAuthenticationFilter@56c72fff, org.springframework.security.web.access.ExceptionTranslationFilter@5bc3c4e5, org.springframework.security.web.access.intercept.AuthorizationFilter@376aaeec]
2026-03-28T09:29:20.936+05:30  INFO [auth-service,,] 66332 --- [auth-service] [main] [                                                 ] DiscoveryClientOptionalArgsConfiguration : Eureka HTTP Client uses RestTemplate.
2026-03-28T09:29:21.191+05:30  WARN [auth-service,,] 66332 --- [auth-service] [main] [                                                 ] iguration$LoadBalancerCaffeineWarnLogger : Spring Cloud LoadBalancer is currently working with the default cache. While this cache implementation is useful for development and tests, it's recommended to use Caffeine cache in production.You can switch to using Caffeine cache, by adding it and org.springframework.cache.caffeine.CaffeineCacheManager to the classpath.
2026-03-28T09:29:21.435+05:30  INFO [auth-service,,] 66332 --- [auth-service] [main] [                                                 ] o.s.c.n.eureka.InstanceInfoFactory       : Setting initial instance status as: STARTING
2026-03-28T09:29:21.899+05:30  INFO [auth-service,,] 66332 --- [auth-service] [main] [                                                 ] com.netflix.discovery.DiscoveryClient    : Initializing Eureka in region us-east-1
2026-03-28T09:29:21.917+05:30  INFO [auth-service,,] 66332 --- [auth-service] [main] [                                                 ] c.n.d.s.r.aws.ConfigClusterResolver      : Resolving eureka endpoints via configuration
2026-03-28T09:29:22.015+05:30  INFO [auth-service,,] 66332 --- [auth-service] [main] [                                                 ] com.netflix.discovery.DiscoveryClient    : Disable delta property : false
2026-03-28T09:29:22.016+05:30  INFO [auth-service,,] 66332 --- [auth-service] [main] [                                                 ] com.netflix.discovery.DiscoveryClient    : Single vip registry refresh property : null
2026-03-28T09:29:22.017+05:30  INFO [auth-service,,] 66332 --- [auth-service] [main] [                                                 ] com.netflix.discovery.DiscoveryClient    : Force full registry fetch : false
2026-03-28T09:29:22.017+05:30  INFO [auth-service,,] 66332 --- [auth-service] [main] [                                                 ] com.netflix.discovery.DiscoveryClient    : Application is null : false
2026-03-28T09:29:22.017+05:30  INFO [auth-service,,] 66332 --- [auth-service] [main] [                                                 ] com.netflix.discovery.DiscoveryClient    : Registered Applications size is zero : true
2026-03-28T09:29:22.017+05:30  INFO [auth-service,,] 66332 --- [auth-service] [main] [                                                 ] com.netflix.discovery.DiscoveryClient    : Application version is -1: true
2026-03-28T09:29:22.017+05:30  INFO [auth-service,,] 66332 --- [auth-service] [main] [                                                 ] com.netflix.discovery.DiscoveryClient    : Getting all instance registry info from the eureka server
2026-03-28T09:29:36.462+05:30  INFO [auth-service,,] 66332 --- [auth-service] [main] [                                                 ] com.netflix.discovery.DiscoveryClient    : The response status is 200
2026-03-28T09:29:36.475+05:30  INFO [auth-service,,] 66332 --- [auth-service] [main] [                                                 ] com.netflix.discovery.DiscoveryClient    : Starting heartbeat executor: renew interval is: 30
2026-03-28T09:29:36.486+05:30  INFO [auth-service,,] 66332 --- [auth-service] [main] [                                                 ] c.n.discovery.InstanceInfoReplicator     : InstanceInfoReplicator onDemand update allowed rate per min is 4
2026-03-28T09:29:36.508+05:30  INFO [auth-service,,] 66332 --- [auth-service] [main] [                                                 ] com.netflix.discovery.DiscoveryClient    : Discovery Client initialized at timestamp 1774670376505 with initial instances count: 0
2026-03-28T09:29:36.541+05:30  INFO [auth-service,,] 66332 --- [auth-service] [main] [                                                 ] o.s.c.n.e.s.EurekaServiceRegistry        : Registering application AUTH-SERVICE with eureka with status UP
2026-03-28T09:29:36.548+05:30  INFO [auth-service,,] 66332 --- [auth-service] [main] [                                                 ] com.netflix.discovery.DiscoveryClient    : Saw local status change event StatusChangeEvent [timestamp=1774670376547, current=UP, previous=STARTING]
2026-03-28T09:29:36.558+05:30  INFO [auth-service,,] 66332 --- [auth-service] [DiscoveryClient-InstanceInfoReplicator-0] [                                                 ] com.netflix.discovery.DiscoveryClient    : DiscoveryClient_AUTH-SERVICE/DESKTOP-RMKQB1H.mshome.net:auth-service:8081: registering service...
2026-03-28T09:29:36.734+05:30  INFO [auth-service,,] 66332 --- [auth-service] [main] [                                                 ] o.s.b.w.embedded.tomcat.TomcatWebServer  : Tomcat started on port 8081 (http) with context path ''
2026-03-28T09:29:36.739+05:30  INFO [auth-service,,] 66332 --- [auth-service] [main] [                                                 ] .s.c.n.e.s.EurekaAutoServiceRegistration : Updating port to 8081
2026-03-28T09:29:36.819+05:30  INFO [auth-service,,] 66332 --- [auth-service] [main] [                                                 ] c.p.auth_service.AuthServiceApplication  : Started AuthServiceApplication in 51.33 seconds (process running for 52.48)
2026-03-28T09:29:38.084+05:30  INFO [auth-service,,] 66332 --- [auth-service] [DiscoveryClient-InstanceInfoReplicator-0] [                                                 ] com.netflix.discovery.DiscoveryClient    : DiscoveryClient_AUTH-SERVICE/DESKTOP-RMKQB1H.mshome.net:auth-service:8081 - registration status: 204
2026-03-28T09:30:06.640+05:30  INFO [auth-service,,] 66332 --- [auth-service] [DiscoveryClient-CacheRefreshExecutor-0] [                                                 ] com.netflix.discovery.DiscoveryClient    : Disable delta property : false
2026-03-28T09:30:06.802+05:30  INFO [auth-service,,] 66332 --- [auth-service] [DiscoveryClient-CacheRefreshExecutor-0] [                                                 ] com.netflix.discovery.DiscoveryClient    : Single vip registry refresh property : null
2026-03-28T09:30:06.808+05:30  INFO [auth-service,,] 66332 --- [auth-service] [DiscoveryClient-CacheRefreshExecutor-0] [                                                 ] com.netflix.discovery.DiscoveryClient    : Force full registry fetch : false
2026-03-28T09:30:06.810+05:30  INFO [auth-service,,] 66332 --- [auth-service] [DiscoveryClient-CacheRefreshExecutor-0] [                                                 ] com.netflix.discovery.DiscoveryClient    : Application is null : false
2026-03-28T09:30:06.814+05:30  INFO [auth-service,,] 66332 --- [auth-service] [DiscoveryClient-CacheRefreshExecutor-0] [                                                 ] com.netflix.discovery.DiscoveryClient    : Registered Applications size is zero : true
2026-03-28T09:30:06.817+05:30  INFO [auth-service,,] 66332 --- [auth-service] [DiscoveryClient-CacheRefreshExecutor-0] [                                                 ] com.netflix.discovery.DiscoveryClient    : Application version is -1: false
2026-03-28T09:30:06.829+05:30  INFO [auth-service,,] 66332 --- [auth-service] [DiscoveryClient-CacheRefreshExecutor-0] [                                                 ] com.netflix.discovery.DiscoveryClient    : Getting all instance registry info from the eureka server
2026-03-28T09:30:08.132+05:30  INFO [auth-service,,] 66332 --- [auth-service] [DiscoveryClient-CacheRefreshExecutor-0] [                                                 ] com.netflix.discovery.DiscoveryClient    : The response status is 200
2026-03-28T09:30:54.489+05:30  INFO [auth-service,,] 66332 --- [auth-service] [http-nio-8081-exec-5] [                                                 ] o.a.c.c.C.[Tomcat].[localhost].[/]       : Initializing Spring DispatcherServlet 'dispatcherServlet'
2026-03-28T09:30:54.537+05:30  INFO [auth-service,,] 66332 --- [auth-service] [http-nio-8081-exec-5] [                                                 ] o.s.web.servlet.DispatcherServlet        : Initializing Servlet 'dispatcherServlet'
2026-03-28T09:30:55.082+05:30  INFO [auth-service,,] 66332 --- [auth-service] [http-nio-8081-exec-5] [                                                 ] o.s.web.servlet.DispatcherServlet        : Completed initialization in 541 ms
2026-03-28T09:31:01.580+05:30  INFO [auth-service,69c75277bcba12d3b6c556a814894837,9d257255b7b80b05] 66332 --- [auth-service] [http-nio-8081-exec-5] [69c75277bcba12d3b6c556a814894837-9d257255b7b80b05] o.springdoc.api.AbstractOpenApiResource  : Init duration for springdoc-openapi is: 4068 ms
2026-03-28T09:34:22.135+05:30  INFO [auth-service,,] 66332 --- [auth-service] [AsyncResolver-bootstrap-executor-0] [                                                 ] c.n.d.s.r.aws.ConfigClusterResolver      : Resolving eureka endpoints via configuration
2026-03-28T09:39:22.441+05:30  INFO [auth-service,,] 66332 --- [auth-service] [AsyncResolver-bootstrap-executor-0] [                                                 ] c.n.d.s.r.aws.ConfigClusterResolver      : Resolving eureka endpoints via configuration
2026-03-28T09:44:22.618+05:30  INFO [auth-service,,] 66332 --- [auth-service] [AsyncResolver-bootstrap-executor-0] [                                                 ] c.n.d.s.r.aws.ConfigClusterResolver      : Resolving eureka endpoints via configuration
2026-03-28T09:49:22.789+05:30  INFO [auth-service,,] 66332 --- [auth-service] [AsyncResolver-bootstrap-executor-0] [                                                 ] c.n.d.s.r.aws.ConfigClusterResolver      : Resolving eureka endpoints via configuration
2026-03-28T09:54:22.944+05:30  INFO [auth-service,,] 66332 --- [auth-service] [AsyncResolver-bootstrap-executor-0] [                                                 ] c.n.d.s.r.aws.ConfigClusterResolver      : Resolving eureka endpoints via configuration
2026-03-28T09:59:23.055+05:30  INFO [auth-service,,] 66332 --- [auth-service] [AsyncResolver-bootstrap-executor-0] [                                                 ] c.n.d.s.r.aws.ConfigClusterResolver      : Resolving eureka endpoints via configuration
2026-03-28T10:04:23.168+05:30  INFO [auth-service,,] 66332 --- [auth-service] [AsyncResolver-bootstrap-executor-0] [                                                 ] c.n.d.s.r.aws.ConfigClusterResolver      : Resolving eureka endpoints via configuration
2026-03-28T10:09:23.231+05:30  INFO [auth-service,,] 66332 --- [auth-service] [AsyncResolver-bootstrap-executor-0] [                                                 ] c.n.d.s.r.aws.ConfigClusterResolver      : Resolving eureka endpoints via configuration
2026-03-28T10:14:23.269+05:30  INFO [auth-service,,] 66332 --- [auth-service] [AsyncResolver-bootstrap-executor-0] [                                                 ] c.n.d.s.r.aws.ConfigClusterResolver      : Resolving eureka endpoints via configuration
2026-03-28T10:19:23.357+05:30  INFO [auth-service,,] 66332 --- [auth-service] [AsyncResolver-bootstrap-executor-0] [                                                 ] c.n.d.s.r.aws.ConfigClusterResolver      : Resolving eureka endpoints via configuration
2026-03-28T10:25:21.151+05:30  WARN [auth-service,,] 66332 --- [auth-service] [HikariPool-1 housekeeper] [                                                 ] com.zaxxer.hikari.pool.HikariPool        : HikariPool-1 - Thread starvation or clock leap detected (housekeeper delta=3m17s595ms217µs900ns).
2026-03-28T10:27:10.983+05:30  INFO [auth-service,,] 66332 --- [auth-service] [AsyncResolver-bootstrap-executor-0] [                                                 ] c.n.d.s.r.aws.ConfigClusterResolver      : Resolving eureka endpoints via configuration
2026-03-28T10:32:11.027+05:30  INFO [auth-service,,] 66332 --- [auth-service] [AsyncResolver-bootstrap-executor-0] [                                                 ] c.n.d.s.r.aws.ConfigClusterResolver      : Resolving eureka endpoints via configuration
2026-03-28T10:37:11.066+05:30  INFO [auth-service,,] 66332 --- [auth-service] [AsyncResolver-bootstrap-executor-0] [                                                 ] c.n.d.s.r.aws.ConfigClusterResolver      : Resolving eureka endpoints via configuration
2026-03-28T10:42:11.109+05:30  INFO [auth-service,,] 66332 --- [auth-service] [AsyncResolver-bootstrap-executor-0] [                                                 ] c.n.d.s.r.aws.ConfigClusterResolver      : Resolving eureka endpoints via configuration
2026-03-28T10:47:11.196+05:30  INFO [auth-service,,] 66332 --- [auth-service] [AsyncResolver-bootstrap-executor-0] [                                                 ] c.n.d.s.r.aws.ConfigClusterResolver      : Resolving eureka endpoints via configuration
2026-03-28T10:52:11.235+05:30  INFO [auth-service,,] 66332 --- [auth-service] [AsyncResolver-bootstrap-executor-0] [                                                 ] c.n.d.s.r.aws.ConfigClusterResolver      : Resolving eureka endpoints via configuration
2026-03-28T10:57:11.267+05:30  INFO [auth-service,,] 66332 --- [auth-service] [AsyncResolver-bootstrap-executor-0] [                                                 ] c.n.d.s.r.aws.ConfigClusterResolver      : Resolving eureka endpoints via configuration
2026-03-28T11:02:11.328+05:30  INFO [auth-service,,] 66332 --- [auth-service] [AsyncResolver-bootstrap-executor-0] [                                                 ] c.n.d.s.r.aws.ConfigClusterResolver      : Resolving eureka endpoints via configuration
2026-03-28T11:07:11.339+05:30  INFO [auth-service,,] 66332 --- [auth-service] [AsyncResolver-bootstrap-executor-0] [                                                 ] c.n.d.s.r.aws.ConfigClusterResolver      : Resolving eureka endpoints via configuration
2026-03-28T11:12:11.358+05:30  INFO [auth-service,,] 66332 --- [auth-service] [AsyncResolver-bootstrap-executor-0] [                                                 ] c.n.d.s.r.aws.ConfigClusterResolver      : Resolving eureka endpoints via configuration
2026-03-28T11:17:11.381+05:30  INFO [auth-service,,] 66332 --- [auth-service] [AsyncResolver-bootstrap-executor-0] [                                                 ] c.n.d.s.r.aws.ConfigClusterResolver      : Resolving eureka endpoints via configuration
2026-03-28T11:22:11.395+05:30  INFO [auth-service,,] 66332 --- [auth-service] [AsyncResolver-bootstrap-executor-0] [                                                 ] c.n.d.s.r.aws.ConfigClusterResolver      : Resolving eureka endpoints via configuration
2026-03-28T11:27:11.420+05:30  INFO [auth-service,,] 66332 --- [auth-service] [AsyncResolver-bootstrap-executor-0] [                                                 ] c.n.d.s.r.aws.ConfigClusterResolver      : Resolving eureka endpoints via configuration
2026-03-28T11:32:11.451+05:30  INFO [auth-service,,] 66332 --- [auth-service] [AsyncResolver-bootstrap-executor-0] [                                                 ] c.n.d.s.r.aws.ConfigClusterResolver      : Resolving eureka endpoints via configuration
2026-03-28T11:37:11.462+05:30  INFO [auth-service,,] 66332 --- [auth-service] [AsyncResolver-bootstrap-executor-0] [                                                 ] c.n.d.s.r.aws.ConfigClusterResolver      : Resolving eureka endpoints via configuration
2026-03-28T11:42:11.472+05:30  INFO [auth-service,,] 66332 --- [auth-service] [AsyncResolver-bootstrap-executor-0] [                                                 ] c.n.d.s.r.aws.ConfigClusterResolver      : Resolving eureka endpoints via configuration
2026-03-28T11:47:11.476+05:30  INFO [auth-service,,] 66332 --- [auth-service] [AsyncResolver-bootstrap-executor-0] [                                                 ] c.n.d.s.r.aws.ConfigClusterResolver      : Resolving eureka endpoints via configuration
2026-03-28T11:52:11.492+05:30  INFO [auth-service,,] 66332 --- [auth-service] [AsyncResolver-bootstrap-executor-0] [                                                 ] c.n.d.s.r.aws.ConfigClusterResolver      : Resolving eureka endpoints via configuration
2026-03-28T11:57:11.513+05:30  INFO [auth-service,,] 66332 --- [auth-service] [AsyncResolver-bootstrap-executor-0] [                                                 ] c.n.d.s.r.aws.ConfigClusterResolver      : Resolving eureka endpoints via configuration
2026-03-28T12:02:11.554+05:30  INFO [auth-service,,] 66332 --- [auth-service] [AsyncResolver-bootstrap-executor-0] [                                                 ] c.n.d.s.r.aws.ConfigClusterResolver      : Resolving eureka endpoints via configuration
2026-03-28T12:07:11.604+05:30  INFO [auth-service,,] 66332 --- [auth-service] [AsyncResolver-bootstrap-executor-0] [                                                 ] c.n.d.s.r.aws.ConfigClusterResolver      : Resolving eureka endpoints via configuration
2026-03-28T12:12:11.661+05:30  INFO [auth-service,,] 66332 --- [auth-service] [AsyncResolver-bootstrap-executor-0] [                                                 ] c.n.d.s.r.aws.ConfigClusterResolver      : Resolving eureka endpoints via configuration
2026-03-28T12:17:11.695+05:30  INFO [auth-service,,] 66332 --- [auth-service] [AsyncResolver-bootstrap-executor-0] [                                                 ] c.n.d.s.r.aws.ConfigClusterResolver      : Resolving eureka endpoints via configuration
2026-03-28T12:22:11.730+05:30  INFO [auth-service,,] 66332 --- [auth-service] [AsyncResolver-bootstrap-executor-0] [                                                 ] c.n.d.s.r.aws.ConfigClusterResolver      : Resolving eureka endpoints via configuration
2026-03-28T12:27:11.757+05:30  INFO [auth-service,,] 66332 --- [auth-service] [AsyncResolver-bootstrap-executor-0] [                                                 ] c.n.d.s.r.aws.ConfigClusterResolver      : Resolving eureka endpoints via configuration
2026-03-28T12:32:11.783+05:30  INFO [auth-service,,] 66332 --- [auth-service] [AsyncResolver-bootstrap-executor-0] [                                                 ] c.n.d.s.r.aws.ConfigClusterResolver      : Resolving eureka endpoints via configuration
2026-03-28T12:37:11.836+05:30  INFO [auth-service,,] 66332 --- [auth-service] [AsyncResolver-bootstrap-executor-0] [                                                 ] c.n.d.s.r.aws.ConfigClusterResolver      : Resolving eureka endpoints via configuration
2026-03-28T12:42:11.906+05:30  INFO [auth-service,,] 66332 --- [auth-service] [AsyncResolver-bootstrap-executor-0] [                                                 ] c.n.d.s.r.aws.ConfigClusterResolver      : Resolving eureka endpoints via configuration
2026-03-28T12:47:11.933+05:30  INFO [auth-service,,] 66332 --- [auth-service] [AsyncResolver-bootstrap-executor-0] [                                                 ] c.n.d.s.r.aws.ConfigClusterResolver      : Resolving eureka endpoints via configuration
2026-03-28T12:52:11.955+05:30  INFO [auth-service,,] 66332 --- [auth-service] [AsyncResolver-bootstrap-executor-0] [                                                 ] c.n.d.s.r.aws.ConfigClusterResolver      : Resolving eureka endpoints via configuration
2026-03-28T12:54:30.488+05:30  INFO [auth-service,69c78229740da19c66688670cde0977f,532f46ebdd68d0b3] 66332 --- [auth-service] [http-nio-8081-exec-8] [69c78229740da19c66688670cde0977f-532f46ebdd68d0b3] c.pro.auth_service.service.AuthService   : User login successful for id=7 with roles=[ROLE_FOUNDER]
2026-03-28T12:57:12.004+05:30  INFO [auth-service,,] 66332 --- [auth-service] [AsyncResolver-bootstrap-executor-0] [                                                 ] c.n.d.s.r.aws.ConfigClusterResolver      : Resolving eureka endpoints via configuration
2026-03-28T13:02:12.033+05:30  INFO [auth-service,,] 66332 --- [auth-service] [AsyncResolver-bootstrap-executor-0] [                                                 ] c.n.d.s.r.aws.ConfigClusterResolver      : Resolving eureka endpoints via configuration
2026-03-28T13:07:12.075+05:30  INFO [auth-service,,] 66332 --- [auth-service] [AsyncResolver-bootstrap-executor-0] [                                                 ] c.n.d.s.r.aws.ConfigClusterResolver      : Resolving eureka endpoints via configuration
2026-03-28T13:12:12.108+05:30  INFO [auth-service,,] 66332 --- [auth-service] [AsyncResolver-bootstrap-executor-0] [                                                 ] c.n.d.s.r.aws.ConfigClusterResolver      : Resolving eureka endpoints via configuration
2026-03-28T13:17:12.137+05:30  INFO [auth-service,,] 66332 --- [auth-service] [AsyncResolver-bootstrap-executor-0] [                                                 ] c.n.d.s.r.aws.ConfigClusterResolver      : Resolving eureka endpoints via configuration
2026-03-28T13:24:05.809+05:30  WARN [auth-service,,] 66332 --- [auth-service] [HikariPool-1 housekeeper] [                                                 ] com.zaxxer.hikari.pool.HikariPool        : HikariPool-1 - Thread starvation or clock leap detected (housekeeper delta=2m41s545ms159µs600ns).
2026-03-28T13:24:23.689+05:30  INFO [auth-service,,] 66332 --- [auth-service] [AsyncResolver-bootstrap-executor-0] [                                                 ] c.n.d.s.r.aws.ConfigClusterResolver      : Resolving eureka endpoints via configuration
2026-03-28T13:29:23.746+05:30  INFO [auth-service,,] 66332 --- [auth-service] [AsyncResolver-bootstrap-executor-0] [                                                 ] c.n.d.s.r.aws.ConfigClusterResolver      : Resolving eureka endpoints via configuration
2026-03-28T13:34:23.827+05:30  INFO [auth-service,,] 66332 --- [auth-service] [AsyncResolver-bootstrap-executor-0] [                                                 ] c.n.d.s.r.aws.ConfigClusterResolver      : Resolving eureka endpoints via configuration
2026-03-28T13:45:34.428+05:30  WARN [auth-service,,] 66332 --- [auth-service] [HikariPool-1 housekeeper] [                                                 ] com.zaxxer.hikari.pool.HikariPool        : HikariPool-1 - Thread starvation or clock leap detected (housekeeper delta=6m58s311ms278µs800ns).
2026-03-28T13:45:52.187+05:30  INFO [auth-service,,] 66332 --- [auth-service] [AsyncResolver-bootstrap-executor-0] [                                                 ] c.n.d.s.r.aws.ConfigClusterResolver      : Resolving eureka endpoints via configuration
2026-03-28T13:50:52.256+05:30  INFO [auth-service,,] 66332 --- [auth-service] [AsyncResolver-bootstrap-executor-0] [                                                 ] c.n.d.s.r.aws.ConfigClusterResolver      : Resolving eureka endpoints via configuration
2026-03-28T13:55:52.348+05:30  INFO [auth-service,,] 66332 --- [auth-service] [AsyncResolver-bootstrap-executor-0] [                                                 ] c.n.d.s.r.aws.ConfigClusterResolver      : Resolving eureka endpoints via configuration
2026-03-28T14:00:52.381+05:30  INFO [auth-service,,] 66332 --- [auth-service] [AsyncResolver-bootstrap-executor-0] [                                                 ] c.n.d.s.r.aws.ConfigClusterResolver      : Resolving eureka endpoints via configuration
2026-03-28T14:05:52.411+05:30  INFO [auth-service,,] 66332 --- [auth-service] [AsyncResolver-bootstrap-executor-0] [                                                 ] c.n.d.s.r.aws.ConfigClusterResolver      : Resolving eureka endpoints via configuration
2026-03-28T14:07:14.022+05:30  WARN [auth-service,69c79338f6ca8ffb64869c2c4466af86,4d36b28d0d84988a] 66332 --- [auth-service] [http-nio-8081-exec-10] [69c79338f6ca8ffb64869c2c4466af86-4d36b28d0d84988a] c.p.a.exception.GlobalExceptionHandler   : Auth request failed: User not found
2026-03-28T14:08:04.543+05:30  INFO [auth-service,69c793691a43d719d67a5a3852f07f43,1a42c6f31e0257a7] 66332 --- [auth-service] [http-nio-8081-exec-1] [69c793691a43d719d67a5a3852f07f43-1a42c6f31e0257a7] o.s.a.r.c.CachingConnectionFactory       : Attempting to connect to: [localhost:5672]
2026-03-28T14:08:06.047+05:30  INFO [auth-service,69c793691a43d719d67a5a3852f07f43,1a42c6f31e0257a7] 66332 --- [auth-service] [http-nio-8081-exec-1] [69c793691a43d719d67a5a3852f07f43-1a42c6f31e0257a7] o.s.a.r.c.CachingConnectionFactory       : Created new connection: rabbitConnectionFactory#3d1b91d1:0/SimpleConnection@4782db86 [delegate=amqp://guest@127.0.0.1:5672/, localPort=57993]
2026-03-28T14:08:07.434+05:30  INFO [auth-service,69c793691a43d719d67a5a3852f07f43,1a42c6f31e0257a7] 66332 --- [auth-service] [http-nio-8081-exec-1] [69c793691a43d719d67a5a3852f07f43-1a42c6f31e0257a7] c.p.a.producer.NotificationProducer      : Published auth notification for email=hari.mba000@gmail.com
2026-03-28T14:08:07.435+05:30  INFO [auth-service,69c793691a43d719d67a5a3852f07f43,1a42c6f31e0257a7] 66332 --- [auth-service] [http-nio-8081-exec-1] [69c793691a43d719d67a5a3852f07f43-1a42c6f31e0257a7] c.pro.auth_service.service.AuthService   : Registration OTP sent for user id=10
2026-03-28T14:08:54.295+05:30  WARN [auth-service,69c7939e2bf451db96f2f3339790fcb3,048f2300cef5b332] 66332 --- [auth-service] [http-nio-8081-exec-5] [69c7939e2bf451db96f2f3339790fcb3-048f2300cef5b332] c.p.a.exception.GlobalExceptionHandler   : Auth request failed: Invalid OTP
2026-03-28T14:09:14.678+05:30  INFO [auth-service,69c793b2a03762bfbdac9e55494e6624,95e1314bb29266bd] 66332 --- [auth-service] [http-nio-8081-exec-3] [69c793b2a03762bfbdac9e55494e6624-95e1314bb29266bd] c.p.a.producer.NotificationProducer      : Published auth notification for email=hari.mba000@gmail.com
2026-03-28T14:09:14.681+05:30  INFO [auth-service,69c793b2a03762bfbdac9e55494e6624,95e1314bb29266bd] 66332 --- [auth-service] [http-nio-8081-exec-3] [69c793b2a03762bfbdac9e55494e6624-95e1314bb29266bd] c.pro.auth_service.service.AuthService   : Email verified for user id=10
2026-03-28T14:09:30.138+05:30  INFO [auth-service,69c793c1d71423ce1a9afd9fb4d5d1b0,c15a9cdba3b72fea] 66332 --- [auth-service] [http-nio-8081-exec-6] [69c793c1d71423ce1a9afd9fb4d5d1b0-c15a9cdba3b72fea] c.pro.auth_service.service.AuthService   : User login successful for id=10 with roles=[ROLE_FOUNDER]
2026-03-28T14:10:52.472+05:30  INFO [auth-service,,] 66332 --- [auth-service] [AsyncResolver-bootstrap-executor-0] [                                                 ] c.n.d.s.r.aws.ConfigClusterResolver      : Resolving eureka endpoints via configuration
2026-03-28T14:15:52.503+05:30  INFO [auth-service,,] 66332 --- [auth-service] [AsyncResolver-bootstrap-executor-0] [                                                 ] c.n.d.s.r.aws.ConfigClusterResolver      : Resolving eureka endpoints via configuration
2026-03-28T14:20:52.580+05:30  INFO [auth-service,,] 66332 --- [auth-service] [AsyncResolver-bootstrap-executor-0] [                                                 ] c.n.d.s.r.aws.ConfigClusterResolver      : Resolving eureka endpoints via configuration
2026-03-28T14:25:52.659+05:30  INFO [auth-service,,] 66332 --- [auth-service] [AsyncResolver-bootstrap-executor-0] [                                                 ] c.n.d.s.r.aws.ConfigClusterResolver      : Resolving eureka endpoints via configuration
2026-03-28T14:30:52.708+05:30  INFO [auth-service,,] 66332 --- [auth-service] [AsyncResolver-bootstrap-executor-0] [                                                 ] c.n.d.s.r.aws.ConfigClusterResolver      : Resolving eureka endpoints via configuration
2026-03-28T14:35:52.765+05:30  INFO [auth-service,,] 66332 --- [auth-service] [AsyncResolver-bootstrap-executor-0] [                                                 ] c.n.d.s.r.aws.ConfigClusterResolver      : Resolving eureka endpoints via configuration
2026-03-28T14:40:52.825+05:30  INFO [auth-service,,] 66332 --- [auth-service] [AsyncResolver-bootstrap-executor-0] [                                                 ] c.n.d.s.r.aws.ConfigClusterResolver      : Resolving eureka endpoints via configuration
2026-03-28T14:45:52.880+05:30  INFO [auth-service,,] 66332 --- [auth-service] [AsyncResolver-bootstrap-executor-0] [                                                 ] c.n.d.s.r.aws.ConfigClusterResolver      : Resolving eureka endpoints via configuration
